<?xml version="1.0" encoding="UTF-8"?>
<!-- Generated by org.testng.reporters.JUnitXMLReporter -->
<testsuite ignored="0" hostname="DESKTOP-38SJ5O4" failures="0" tests="10" name="Test" time="80.421" errors="0" timestamp="2024-07-20T10:42:08 IST">
  <testcase classname="testng1.Bike2" name="yamaha" time="10.748"/>
  <testcase classname="testng2.ShoesBrand2" name="Puma" time="3.856"/>
  <testcase classname="testng1.Bike1" name="yamaha" time="8.027"/>
  <testcase classname="testng2.ShoesBrand3" name="Reebok" time="8.741"/>
  <testcase classname="testng2.ShoesBrand1" name="Nike" time="6.98"/>
  <testcase classname="testng1.Bike5" name="yamaha" time="12.511"/>
  <testcase classname="testng1.Bike4" name="yamaha" time="9.427"/>
  <testcase classname="testng1.Bike3" name="yamaha" time="6.54"/>
  <testcase classname="testng2.ShoesBrand4" name="Adidas" time="5.855"/>
  <testcase classname="testng2.ShoesBrand5" name="Bata" time="7.542"/>
</testsuite> <!-- Test -->
